<?xml version="1.0" encoding="UTF-8"?>
<testsuite xmlns:xsi="http://www.w3.org/2001/XMLSchema-instance" xsi:noNamespaceSchemaLocation="https://maven.apache.org/surefire/maven-surefire-plugin/xsd/surefire-test-report-3.0.xsd" version="3.0" name="com.exercicios.triangulo.TrianguloTest" time="0.085" tests="11" errors="0" skipped="0" failures="0">
  <properties>
[...]
</properties>
  <testcase name="testEquilatero" classname="com.exercicios.triangulo.TrianguloTest" time="0.003"/>
  <testcase name="testEscaleno" classname="com.exercicios.triangulo.TrianguloTest" time="0.006"/>
  <testcase name="testSomaIgual1" classname="com.exercicios.triangulo.TrianguloTest" time="0.002"/>
  <testcase name="testSomaIgual2" classname="com.exercicios.triangulo.TrianguloTest" time="0.015"/>
  <testcase name="testTodosZero" classname="com.exercicios.triangulo.TrianguloTest" time="0.003"/>
  <testcase name="testNaoTrianguloNegativo" classname="com.exercicios.triangulo.TrianguloTest" time="0.0"/>
  <testcase name="testSomaMenor" classname="com.exercicios.triangulo.TrianguloTest" time="0.0"/>
  <testcase name="testIsosceles1" classname="com.exercicios.triangulo.TrianguloTest" time="0.0"/>
  <testcase name="testIsosceles2" classname="com.exercicios.triangulo.TrianguloTest" time="0.0"/>
  <testcase name="testIsosceles3" classname="com.exercicios.triangulo.TrianguloTest" time="0.002"/>
  <testcase name="testNaoTrianguloZero" classname="com.exercicios.triangulo.TrianguloTest" time="0.002"/>
</testsuite>